Automatically generated by alfred, this log details all my problem-solving entries and their dates.

Wed, Nov 05, 2025:
        0100 - same tree (review)
        0101 - symmetric tree (review)
        0104 - maximum depth of binary tree (review)

Tue, Nov 04, 2025:
        0028 - find the index of the first occurrence in a string (brute force)
        0035 - search insert position (binary search)
        0058 - length of last word (forward iteration)
        0066 - plus one
        0067 - add binary
        0069 - sqrtx (brute force)
        0083 - remove duplicates from sorted list
        0100 - same tree (recursion)
        0101 - symmetric tree
        0104 - maximum depth of binary tree (stupid)
        0108 - convert sorted array to binary search tree
        0111 - minimum depth of binary tree

Mon, Nov 03, 2025:
        0011 - container with most water
        0012 - integer to roman
        0015 - 3sum
        0016 - 3sum closest
        0036 - valid sodoku
        0053 - maximum subarray
